C:\Users\ViMi\source\repos\trainee_web_app\web\facility-vue-app\src\router\index.js
C:\Users\ViMi\source\repos\trainee_web_app\web\facility-vue-app\src\router\index.js.map
C:\Users\ViMi\source\repos\trainee_web_app\web\facility-vue-app\src\store\MutationTypes.js
C:\Users\ViMi\source\repos\trainee_web_app\web\facility-vue-app\src\store\MutationTypes.js.map
C:\Users\ViMi\source\repos\trainee_web_app\web\facility-vue-app\src\api\AppDBApi.js
C:\Users\ViMi\source\repos\trainee_web_app\web\facility-vue-app\src\api\AppDBApi.js.map
C:\Users\ViMi\source\repos\trainee_web_app\web\facility-vue-app\src\store\modules\facility.js
C:\Users\ViMi\source\repos\trainee_web_app\web\facility-vue-app\src\store\modules\facility.js.map
C:\Users\ViMi\source\repos\trainee_web_app\web\facility-vue-app\src\store\modules\patient.js
C:\Users\ViMi\source\repos\trainee_web_app\web\facility-vue-app\src\store\modules\patient.js.map
C:\Users\ViMi\source\repos\trainee_web_app\web\facility-vue-app\src\store\actions.js
C:\Users\ViMi\source\repos\trainee_web_app\web\facility-vue-app\src\store\actions.js.map
C:\Users\ViMi\source\repos\trainee_web_app\web\facility-vue-app\src\store\mutations.js
C:\Users\ViMi\source\repos\trainee_web_app\web\facility-vue-app\src\store\mutations.js.map
C:\Users\ViMi\source\repos\trainee_web_app\web\facility-vue-app\src\store\index.js
C:\Users\ViMi\source\repos\trainee_web_app\web\facility-vue-app\src\store\index.js.map
C:\Users\ViMi\source\repos\trainee_web_app\web\facility-vue-app\src\main.js
C:\Users\ViMi\source\repos\trainee_web_app\web\facility-vue-app\src\main.js.map
C:\Users\ViMi\source\repos\trainee_web_app\web\facility-vue-app\tests\unit\example.spec.js
C:\Users\ViMi\source\repos\trainee_web_app\web\facility-vue-app\tests\unit\example.spec.js.map
